==00:00:00:00.000 8029== Memcheck, a memory error detector
==00:00:00:00.000 8029== Copyright (C) 2002-2015, and GNU GPL'd, by Julian Seward et al.
==00:00:00:00.000 8029== Using Valgrind-3.11.0 and LibVEX; rerun with -h for copyright info
==00:00:00:00.000 8029== Command: ./server 11001 index
==00:00:00:00.000 8029== Parent PID: 7707
==00:00:00:00.000 8029== 
==00:00:07:56.731 7628== 
==00:00:07:56.731 7628== FILE DESCRIPTORS: 4 open at exit.
==00:00:07:56.731 7628== Open file descriptor 3: /home/jaz/Escritorio/jaz/fiuba/taller/tp3/entrega2.2/valgrind_server.out
==00:00:07:56.731 7628==    <inherited from parent>
==00:00:07:56.731 7628== 
==00:00:07:56.731 7628== Open file descriptor 2: /home/jaz/Escritorio/jaz/fiuba/taller/tp3/entrega2.2/__server_stderr__
==00:00:07:56.731 7628==    <inherited from parent>
==00:00:07:56.731 7628== 
==00:00:07:56.731 7628== Open file descriptor 1: /home/jaz/Escritorio/jaz/fiuba/taller/tp3/entrega2.2/__server_stdout__
==00:00:07:56.731 7628==    <inherited from parent>
==00:00:07:56.731 7628== 
==00:00:07:56.731 7628== Open file descriptor 0: /home/jaz/Escritorio/jaz/fiuba/taller/tp3/entrega2.2/server-stdin
==00:00:07:56.731 7628==    <inherited from parent>
==00:00:07:56.731 7628== 
==00:00:07:56.731 7628== 
==00:00:07:56.731 7628== HEAP SUMMARY:
==00:00:07:56.731 7628==     in use at exit: 72,704 bytes in 1 blocks
==00:00:07:56.731 7628==   total heap usage: 15 allocs, 14 frees, 112,648 bytes allocated
==00:00:07:56.731 7628== 
==00:00:07:56.732 7628== LEAK SUMMARY:
==00:00:07:56.732 7628==    definitely lost: 0 bytes in 0 blocks
==00:00:07:56.732 7628==    indirectly lost: 0 bytes in 0 blocks
==00:00:07:56.732 7628==      possibly lost: 0 bytes in 0 blocks
==00:00:07:56.732 7628==    still reachable: 72,704 bytes in 1 blocks
==00:00:07:56.732 7628==         suppressed: 0 bytes in 0 blocks
==00:00:07:56.732 7628== Reachable blocks (those to which a pointer was found) are not shown.
==00:00:07:56.732 7628== To see them, rerun with: --leak-check=full --show-leak-kinds=all
==00:00:07:56.732 7628== 
==00:00:07:56.732 7628== For counts of detected and suppressed errors, rerun with: -v
==00:00:07:56.732 7628== ERROR SUMMARY: 0 errors from 0 contexts (suppressed: 0 from 0)
z/Escritorio/jaz/fiuba/taller/tp3/entrega2.2/__server_stderr__
==00:00:00:01.399 8029==    <inherited from parent>
==00:00:00:01.399 8029== 
==00:00:00:01.399 8029== Open file descriptor 1: /home/jaz/Escritorio/jaz/fiuba/taller/tp3/entrega2.2/__server_stdout__
==00:00:00:01.399 8029==    <inherited from parent>
==00:00:00:01.399 8029== 
==00:00:00:01.399 8029== Open file descriptor 0: /home/jaz/Escritorio/jaz/fiuba/taller/tp3/entrega2.2/server-stdin
==00:00:00:01.399 8029==    <inherited from parent>
==00:00:00:01.399 8029== 
==00:00:00:01.399 8029== 
==00:00:00:01.399 8029== HEAP SUMMARY:
==00:00:00:01.399 8029==     in use at exit: 73,336 bytes in 5 blocks
==00:00:00:01.399 8029==   total heap usage: 10 allocs, 5 frees, 82,216 bytes allocated
==00:00:00:01.399 8029== 
==00:00:00:01.400 8029== 64 bytes in 1 blocks are definitely lost in loss record 2 of 5
==00:00:00:01.400 8029==    at 0x4C2DB8F: malloc (in /usr/lib/valgrind/vgpreload_memcheck-amd64-linux.so)
==00:00:00:01.400 8029==    by 0x56E6396: gaih_inet (getaddrinfo.c:1223)
==00:00:00:01.400 8029==    by 0x56E9D5D: getaddrinfo (getaddrinfo.c:2425)
==00:00:00:01.400 8029==    by 0x403668: Socket::addrinfo() (commonSocket.cpp:41)
==00:00:00:01.400 8029==    by 0x40397D: Socket::bind_and_listen() (commonSocket.cpp:138)
==00:00:00:01.400 8029==    by 0x4097FA: Server_listener::Server_listener(char*, char*) (serverListener.cpp:6)
==00:00:00:01.400 8029==    by 0x4033DF: main (serverApp.cpp:14)
==00:00:00:01.400 8029== 
==00:00:00:01.400 8029== 392 bytes in 1 blocks are possibly lost in loss record 4 of 5
==00:00:00:01.400 8029==    at 0x4C2DB8F: malloc (in /usr/lib/valgrind/vgpreload_memcheck-amd64-linux.so)
==00:00:00:01.400 8029==    by 0x4ECB87F: __cxa_allocate_exception (in /usr/lib/x86_64-linux-gnu/libstdc++.so.6.0.25)
==00:00:00:01.401 8029==    by 0x4039E1: Socket::bind_and_listen() (commonSocket.cpp:153)
==00:00:00:01.401 8029==    by 0x4097FA: Server_listener::Server_listener(char*, char*) (serverListener.cpp:6)
==00:00:00:01.401 8029==    by 0x4033DF: main (serverApp.cpp:14)
==00:00:00:01.401 8029== 
==00:00:00:01.401 8029== LEAK SUMMARY:
==00:00:00:01.401 8029==    definitely lost: 64 bytes in 1 blocks
==00:00:00:01.401 8029==    indirectly lost: 0 bytes in 0 blocks
==00:00:00:01.401 8029==      possibly lost: 392 bytes in 1 blocks
==00:00:00:01.401 8029==    still reachable: 72,880 bytes in 3 blocks
==00:00:00:01.401 8029==         suppressed: 0 bytes in 0 blocks
==00:00:00:01.401 8029== Reachable blocks (those to which a pointer was found) are not shown.
==00:00:00:01.401 8029== To see them, rerun with: --leak-check=full --show-leak-kinds=all
==00:00:00:01.401 8029== 
==00:00:00:01.401 8029== For counts of detected and suppressed errors, rerun with: -v
==00:00:00:01.401 8029== ERROR SUMMARY: 2 errors from 2 contexts (suppressed: 0 from 0)
